2021-03-01 22:15:18,171 INFO 44713 [Timer] /Users/dezhizhang/Documents/project/compilation/node_modules/egg-multipart/app/schedule/clean_tmpdir.js next time will execute after 22481831ms at 2021-03-02 04:30:00.002
2021-03-01 22:15:18,171 INFO 44713 [Timer] /Users/dezhizhang/Documents/project/compilation/node_modules/egg-logrotator/app/schedule/clean_log.js next time will execute after 6281829ms at 2021-03-02 00:00:00.000
2021-03-01 22:15:18,171 INFO 44713 [Timer] /Users/dezhizhang/Documents/project/compilation/node_modules/egg-logrotator/app/schedule/rotate_by_file.js next time will execute after 6282829ms at 2021-03-02 00:00:01.000
2021-03-01 22:15:18,053 INFO 44717 [egg-schedule]: register schedule /Users/dezhizhang/Documents/project/compilation/node_modules/egg-multipart/app/schedule/clean_tmpdir.js
2021-03-01 22:15:18,053 INFO 44717 [egg-schedule]: register schedule /Users/dezhizhang/Documents/project/compilation/node_modules/egg-logrotator/app/schedule/clean_log.js
2021-03-01 22:15:18,053 INFO 44717 [egg-schedule]: register schedule /Users/dezhizhang/Documents/project/compilation/node_modules/egg-logrotator/app/schedule/rotate_by_file.js
2021-03-01 22:17:28,979 INFO 45155 [Timer] /Users/dezhizhang/Documents/project/compilation/node_modules/egg-multipart/app/schedule/clean_tmpdir.js next time will execute after 22351023ms at 2021-03-02 04:30:00.002
2021-03-01 22:17:28,979 INFO 45155 [Timer] /Users/dezhizhang/Documents/project/compilation/node_modules/egg-logrotator/app/schedule/clean_log.js next time will execute after 6151021ms at 2021-03-02 00:00:00.000
2021-03-01 22:17:28,980 INFO 45155 [Timer] /Users/dezhizhang/Documents/project/compilation/node_modules/egg-logrotator/app/schedule/rotate_by_file.js next time will execute after 6152020ms at 2021-03-02 00:00:01.000
2021-03-01 22:17:28,867 INFO 45156 [egg-schedule]: register schedule /Users/dezhizhang/Documents/project/compilation/node_modules/egg-multipart/app/schedule/clean_tmpdir.js
2021-03-01 22:17:28,867 INFO 45156 [egg-schedule]: register schedule /Users/dezhizhang/Documents/project/compilation/node_modules/egg-logrotator/app/schedule/clean_log.js
2021-03-01 22:17:28,867 INFO 45156 [egg-schedule]: register schedule /Users/dezhizhang/Documents/project/compilation/node_modules/egg-logrotator/app/schedule/rotate_by_file.js
2021-03-01 22:18:12,495 INFO 45303 [egg-schedule]: register schedule /Users/dezhizhang/Documents/project/compilation/node_modules/egg-multipart/app/schedule/clean_tmpdir.js
2021-03-01 22:18:12,495 INFO 45303 [egg-schedule]: register schedule /Users/dezhizhang/Documents/project/compilation/node_modules/egg-logrotator/app/schedule/clean_log.js
2021-03-01 22:18:12,495 INFO 45303 [egg-schedule]: register schedule /Users/dezhizhang/Documents/project/compilation/node_modules/egg-logrotator/app/schedule/rotate_by_file.js
2021-03-01 22:18:13,382 INFO 45307 [egg-schedule]: register schedule /Users/dezhizhang/Documents/project/compilation/node_modules/egg-multipart/app/schedule/clean_tmpdir.js
2021-03-01 22:18:13,382 INFO 45307 [egg-schedule]: register schedule /Users/dezhizhang/Documents/project/compilation/node_modules/egg-logrotator/app/schedule/clean_log.js
2021-03-01 22:18:13,382 INFO 45307 [egg-schedule]: register schedule /Users/dezhizhang/Documents/project/compilation/node_modules/egg-logrotator/app/schedule/rotate_by_file.js
2021-03-01 22:18:30,240 INFO 45367 [egg-schedule]: register schedule /Users/dezhizhang/Documents/project/compilation/node_modules/egg-multipart/app/schedule/clean_tmpdir.js
2021-03-01 22:18:30,241 INFO 45367 [egg-schedule]: register schedule /Users/dezhizhang/Documents/project/compilation/node_modules/egg-logrotator/app/schedule/clean_log.js
2021-03-01 22:18:30,241 INFO 45367 [egg-schedule]: register schedule /Users/dezhizhang/Documents/project/compilation/node_modules/egg-logrotator/app/schedule/rotate_by_file.js
2021-03-01 22:18:31,098 INFO 45374 [egg-schedule]: register schedule /Users/dezhizhang/Documents/project/compilation/node_modules/egg-multipart/app/schedule/clean_tmpdir.js
2021-03-01 22:18:31,098 INFO 45374 [egg-schedule]: register schedule /Users/dezhizhang/Documents/project/compilation/node_modules/egg-logrotator/app/schedule/clean_log.js
2021-03-01 22:18:31,098 INFO 45374 [egg-schedule]: register schedule /Users/dezhizhang/Documents/project/compilation/node_modules/egg-logrotator/app/schedule/rotate_by_file.js
2021-03-01 22:18:32,462 INFO 45376 [egg-schedule]: register schedule /Users/dezhizhang/Documents/project/compilation/node_modules/egg-multipart/app/schedule/clean_tmpdir.js
2021-03-01 22:18:32,462 INFO 45376 [egg-schedule]: register schedule /Users/dezhizhang/Documents/project/compilation/node_modules/egg-logrotator/app/schedule/clean_log.js
2021-03-01 22:18:32,462 INFO 45376 [egg-schedule]: register schedule /Users/dezhizhang/Documents/project/compilation/node_modules/egg-logrotator/app/schedule/rotate_by_file.js
2021-03-01 22:20:33,425 INFO 45716 [egg-schedule]: register schedule /Users/dezhizhang/Documents/project/compilation/node_modules/egg-multipart/app/schedule/clean_tmpdir.js
2021-03-01 22:20:33,425 INFO 45716 [egg-schedule]: register schedule /Users/dezhizhang/Documents/project/compilation/node_modules/egg-logrotator/app/schedule/clean_log.js
2021-03-01 22:20:33,425 INFO 45716 [egg-schedule]: register schedule /Users/dezhizhang/Documents/project/compilation/node_modules/egg-logrotator/app/schedule/rotate_by_file.js
2021-03-01 22:20:34,255 INFO 45719 [egg-schedule]: register schedule /Users/dezhizhang/Documents/project/compilation/node_modules/egg-multipart/app/schedule/clean_tmpdir.js
2021-03-01 22:20:34,255 INFO 45719 [egg-schedule]: register schedule /Users/dezhizhang/Documents/project/compilation/node_modules/egg-logrotator/app/schedule/clean_log.js
2021-03-01 22:20:34,255 INFO 45719 [egg-schedule]: register schedule /Users/dezhizhang/Documents/project/compilation/node_modules/egg-logrotator/app/schedule/rotate_by_file.js
2021-03-01 22:23:57,409 INFO 45981 [egg-schedule]: register schedule /Users/dezhizhang/Documents/project/compilation/node_modules/egg-multipart/app/schedule/clean_tmpdir.js
2021-03-01 22:23:57,409 INFO 45981 [egg-schedule]: register schedule /Users/dezhizhang/Documents/project/compilation/node_modules/egg-logrotator/app/schedule/clean_log.js
2021-03-01 22:23:57,409 INFO 45981 [egg-schedule]: register schedule /Users/dezhizhang/Documents/project/compilation/node_modules/egg-logrotator/app/schedule/rotate_by_file.js
2021-03-01 22:24:16,091 INFO 46026 [egg-schedule]: register schedule /Users/dezhizhang/Documents/project/compilation/node_modules/egg-multipart/app/schedule/clean_tmpdir.js
2021-03-01 22:24:16,091 INFO 46026 [egg-schedule]: register schedule /Users/dezhizhang/Documents/project/compilation/node_modules/egg-logrotator/app/schedule/clean_log.js
2021-03-01 22:24:16,091 INFO 46026 [egg-schedule]: register schedule /Users/dezhizhang/Documents/project/compilation/node_modules/egg-logrotator/app/schedule/rotate_by_file.js
2021-03-01 22:24:24,597 INFO 46055 [Timer] /Users/dezhizhang/Documents/project/compilation/node_modules/egg-multipart/app/schedule/clean_tmpdir.js next time will execute after 21935405ms at 2021-03-02 04:30:00.002
2021-03-01 22:24:24,597 INFO 46055 [Timer] /Users/dezhizhang/Documents/project/compilation/node_modules/egg-logrotator/app/schedule/clean_log.js next time will execute after 5735403ms at 2021-03-02 00:00:00.000
2021-03-01 22:24:24,598 INFO 46055 [Timer] /Users/dezhizhang/Documents/project/compilation/node_modules/egg-logrotator/app/schedule/rotate_by_file.js next time will execute after 5736403ms at 2021-03-02 00:00:01.001
2021-03-01 22:24:24,483 INFO 46059 [egg-schedule]: register schedule /Users/dezhizhang/Documents/project/compilation/node_modules/egg-multipart/app/schedule/clean_tmpdir.js
2021-03-01 22:24:24,483 INFO 46059 [egg-schedule]: register schedule /Users/dezhizhang/Documents/project/compilation/node_modules/egg-logrotator/app/schedule/clean_log.js
2021-03-01 22:24:24,483 INFO 46059 [egg-schedule]: register schedule /Users/dezhizhang/Documents/project/compilation/node_modules/egg-logrotator/app/schedule/rotate_by_file.js
2021-03-01 22:24:46,448 INFO 46095 [egg-schedule]: register schedule /Users/dezhizhang/Documents/project/compilation/node_modules/egg-multipart/app/schedule/clean_tmpdir.js
2021-03-01 22:24:46,448 INFO 46095 [egg-schedule]: register schedule /Users/dezhizhang/Documents/project/compilation/node_modules/egg-logrotator/app/schedule/clean_log.js
2021-03-01 22:24:46,448 INFO 46095 [egg-schedule]: register schedule /Users/dezhizhang/Documents/project/compilation/node_modules/egg-logrotator/app/schedule/rotate_by_file.js
2021-03-01 22:24:58,163 INFO 46114 [egg-schedule]: register schedule /Users/dezhizhang/Documents/project/compilation/node_modules/egg-multipart/app/schedule/clean_tmpdir.js
2021-03-01 22:24:58,163 INFO 46114 [egg-schedule]: register schedule /Users/dezhizhang/Documents/project/compilation/node_modules/egg-logrotator/app/schedule/clean_log.js
2021-03-01 22:24:58,163 INFO 46114 [egg-schedule]: register schedule /Users/dezhizhang/Documents/project/compilation/node_modules/egg-logrotator/app/schedule/rotate_by_file.js
